  main.cpp
C:\school\Racing\RacingGame\canvas.h(9,58): warning C4566: 유니버설 문자 이름 '\u00A5'(으)로 표현되는 문자는 현재 코드 페이지(949)에서 표현할 수 없습니다.
  (소스 파일 'main.cpp'을(를) 컴파일하는 중)
  
C:\school\Racing\RacingGame\canvas.h(56,16): warning C4566: 유니버설 문자 이름 '\u2554'(으)로 표현되는 문자는 현재 코드 페이지(949)에서 표현할 수 없습니다.
  (소스 파일 'main.cpp'을(를) 컴파일하는 중)
  
C:\school\Racing\RacingGame\canvas.h(57,61): warning C4566: 유니버설 문자 이름 '\u2550'(으)로 표현되는 문자는 현재 코드 페이지(949)에서 표현할 수 없습니다.
  (소스 파일 'main.cpp'을(를) 컴파일하는 중)
  
C:\school\Racing\RacingGame\canvas.h(58,16): warning C4566: 유니버설 문자 이름 '\u2557'(으)로 표현되는 문자는 현재 코드 페이지(949)에서 표현할 수 없습니다.
  (소스 파일 'main.cpp'을(를) 컴파일하는 중)
  
C:\school\Racing\RacingGame\canvas.h(64,17): warning C4566: 유니버설 문자 이름 '\u2551'(으)로 표현되는 문자는 현재 코드 페이지(949)에서 표현할 수 없습니다.
  (소스 파일 'main.cpp'을(를) 컴파일하는 중)
  
C:\school\Racing\RacingGame\canvas.h(69,17): warning C4566: 유니버설 문자 이름 '\u2551'(으)로 표현되는 문자는 현재 코드 페이지(949)에서 표현할 수 없습니다.
  (소스 파일 'main.cpp'을(를) 컴파일하는 중)
  
C:\school\Racing\RacingGame\canvas.h(72,17): warning C4566: 유니버설 문자 이름 '\u2551'(으)로 표현되는 문자는 현재 코드 페이지(949)에서 표현할 수 없습니다.
  (소스 파일 'main.cpp'을(를) 컴파일하는 중)
  
C:\school\Racing\RacingGame\canvas.h(82,17): warning C4566: 유니버설 문자 이름 '\u2551'(으)로 표현되는 문자는 현재 코드 페이지(949)에서 표현할 수 없습니다.
  (소스 파일 'main.cpp'을(를) 컴파일하는 중)
  
C:\school\Racing\RacingGame\canvas.h(85,17): warning C4566: 유니버설 문자 이름 '\u2551'(으)로 표현되는 문자는 현재 코드 페이지(949)에서 표현할 수 없습니다.
  (소스 파일 'main.cpp'을(를) 컴파일하는 중)
  
C:\school\Racing\RacingGame\canvas.h(90,17): warning C4566: 유니버설 문자 이름 '\u2551'(으)로 표현되는 문자는 현재 코드 페이지(949)에서 표현할 수 없습니다.
  (소스 파일 'main.cpp'을(를) 컴파일하는 중)
  
C:\school\Racing\RacingGame\canvas.h(93,16): warning C4566: 유니버설 문자 이름 '\u255A'(으)로 표현되는 문자는 현재 코드 페이지(949)에서 표현할 수 없습니다.
  (소스 파일 'main.cpp'을(를) 컴파일하는 중)
  
C:\school\Racing\RacingGame\canvas.h(94,61): warning C4566: 유니버설 문자 이름 '\u2550'(으)로 표현되는 문자는 현재 코드 페이지(949)에서 표현할 수 없습니다.
  (소스 파일 'main.cpp'을(를) 컴파일하는 중)
  
C:\school\Racing\RacingGame\canvas.h(95,16): warning C4566: 유니버설 문자 이름 '\u255D'(으)로 표현되는 문자는 현재 코드 페이지(949)에서 표현할 수 없습니다.
  (소스 파일 'main.cpp'을(를) 컴파일하는 중)
  
C:\school\Racing\RacingGame\UI.h(174,13): warning C4129: '$': 문자 이스케이프 시퀀스를 인식할 수 없습니다.
  (소스 파일 'main.cpp'을(를) 컴파일하는 중)
  
C:\school\Racing\RacingGame\UI.h(175,13): warning C4129: '$': 문자 이스케이프 시퀀스를 인식할 수 없습니다.
  (소스 파일 'main.cpp'을(를) 컴파일하는 중)
  
C:\school\Racing\RacingGame\Sound.h(4,10): warning C4067: 전처리기 지시문 다음에 예기치 않은 토큰이 있습니다. 줄 바꿈 문자가 필요합니다.
  (소스 파일 'main.cpp'을(를) 컴파일하는 중)
  
C:\school\Racing\RacingGame\Sound.h(5,10): warning C4067: 전처리기 지시문 다음에 예기치 않은 토큰이 있습니다. 줄 바꿈 문자가 필요합니다.
  (소스 파일 'main.cpp'을(를) 컴파일하는 중)
  
C:\school\Racing\RacingGame\tutorial.h(37,7): warning C4566: 유니버설 문자 이름 '\U0001F3AF'(으)로 표현되는 문자는 현재 코드 페이지(949)에서 표현할 수 없습니다.
  (소스 파일 'main.cpp'을(를) 컴파일하는 중)
  
C:\school\Racing\RacingGame\tutorial.h(38,7): warning C4566: 유니버설 문자 이름 '\U0001F4CB'(으)로 표현되는 문자는 현재 코드 페이지(949)에서 표현할 수 없습니다.
  (소스 파일 'main.cpp'을(를) 컴파일하는 중)
  
C:\school\Racing\RacingGame\tutorial.h(39,7): warning C4566: 유니버설 문자 이름 '\U0001F4CA'(으)로 표현되는 문자는 현재 코드 페이지(949)에서 표현할 수 없습니다.
  (소스 파일 'main.cpp'을(를) 컴파일하는 중)
  
C:\school\Racing\RacingGame\tutorial.h(40,7): warning C4566: 유니버설 문자 이름 '\U0001F40E'(으)로 표현되는 문자는 현재 코드 페이지(949)에서 표현할 수 없습니다.
  (소스 파일 'main.cpp'을(를) 컴파일하는 중)
  
C:\school\Racing\RacingGame\tutorial.h(41,7): warning C4566: 유니버설 문자 이름 '\U0001F4AA'(으)로 표현되는 문자는 현재 코드 페이지(949)에서 표현할 수 없습니다.
  (소스 파일 'main.cpp'을(를) 컴파일하는 중)
  
C:\school\Racing\RacingGame\tutorial.h(42,7): warning C4566: 유니버설 문자 이름 '\U0001F3C1'(으)로 표현되는 문자는 현재 코드 페이지(949)에서 표현할 수 없습니다.
  (소스 파일 'main.cpp'을(를) 컴파일하는 중)
  
C:\school\Racing\RacingGame\tutorial.h(43,7): warning C4566: 유니버설 문자 이름 '\U0001F3C6'(으)로 표현되는 문자는 현재 코드 페이지(949)에서 표현할 수 없습니다.
  (소스 파일 'main.cpp'을(를) 컴파일하는 중)
  
C:\school\Racing\RacingGame\tutorial.h(44,7): warning C4566: 유니버설 문자 이름 '\U0001F4A1'(으)로 표현되는 문자는 현재 코드 페이지(949)에서 표현할 수 없습니다.
  (소스 파일 'main.cpp'을(를) 컴파일하는 중)
  
C:\school\Racing\RacingGame\tutorial.h(105,10): warning C4566: 유니버설 문자 이름 '\U0001F3AF'(으)로 표현되는 문자는 현재 코드 페이지(949)에서 표현할 수 없습니다.
  (소스 파일 'main.cpp'을(를) 컴파일하는 중)
  
C:\school\Racing\RacingGame\tutorial.h(113,10): warning C4566: 유니버설 문자 이름 '\U0001F4CB'(으)로 표현되는 문자는 현재 코드 페이지(949)에서 표현할 수 없습니다.
  (소스 파일 'main.cpp'을(를) 컴파일하는 중)
  
C:\school\Racing\RacingGame\tutorial.h(124,10): warning C4566: 유니버설 문자 이름 '\U0001F4CA'(으)로 표현되는 문자는 현재 코드 페이지(949)에서 표현할 수 없습니다.
  (소스 파일 'main.cpp'을(를) 컴파일하는 중)
  
C:\school\Racing\RacingGame\tutorial.h(135,10): warning C4566: 유니버설 문자 이름 '\U0001F40E'(으)로 표현되는 문자는 현재 코드 페이지(949)에서 표현할 수 없습니다.
  (소스 파일 'main.cpp'을(를) 컴파일하는 중)
  
C:\school\Racing\RacingGame\tutorial.h(170,10): warning C4566: 유니버설 문자 이름 '\U0001F4AA'(으)로 표현되는 문자는 현재 코드 페이지(949)에서 표현할 수 없습니다.
  (소스 파일 'main.cpp'을(를) 컴파일하는 중)
  
C:\school\Racing\RacingGame\tutorial.h(189,10): warning C4566: 유니버설 문자 이름 '\U0001F3C1'(으)로 표현되는 문자는 현재 코드 페이지(949)에서 표현할 수 없습니다.
  (소스 파일 'main.cpp'을(를) 컴파일하는 중)
  
C:\school\Racing\RacingGame\tutorial.h(200,10): warning C4566: 유니버설 문자 이름 '\U0001F3C6'(으)로 표현되는 문자는 현재 코드 페이지(949)에서 표현할 수 없습니다.
  (소스 파일 'main.cpp'을(를) 컴파일하는 중)
  
C:\school\Racing\RacingGame\tutorial.h(208,10): warning C4566: 유니버설 문자 이름 '\U0001F4A1'(으)로 표현되는 문자는 현재 코드 페이지(949)에서 표현할 수 없습니다.
  (소스 파일 'main.cpp'을(를) 컴파일하는 중)
  
C:\school\Racing\RacingGame\main.cpp(14,23): warning C4244: '초기화 중': 'double'에서 'int'(으)로 변환하면서 데이터가 손실될 수 있습니다.
  코드를 생성하고 있습니다.
  0 of 523 functions ( 0.0%) were compiled, the rest were copied from previous compilation.
    0 functions were new in current compilation
    0 functions had inline decision re-evaluated but remain unchanged
  코드를 생성했습니다.
  RacingGame.vcxproj -> C:\school\Racing\x64\Release\RacingGame.exe
